2025-11-06 10:39:00 | INFO | repo=2017-course-sys-int-activemq-seminar | action=test | passed=true
2025-06-11 16:15:00 | WARN | repo=2017-course-sys-int-activemq-seminar | action=pull
2025-10-12 07:47:00 | WARN | repo=2017-course-sys-int-activemq-seminar | action=edit | files=5
2025-12-09 08:34:00 | INFO | repo=2017-course-sys-int-activemq-seminar | action=pull
2025-03-18 11:08:00 | INFO | repo=2017-course-sys-int-activemq-seminar | action=commit
2025-11-24 21:30:00 | WARN | repo=2017-course-sys-int-activemq-seminar | action=edit | files=4
2025-04-02 12:14:00 | WARN | repo=2017-course-sys-int-activemq-seminar | action=commit
2025-06-23 19:12:00 | WARN | repo=2017-course-sys-int-activemq-seminar | action=edit | files=5
2025-11-18 12:25:00 | INFO | repo=2017-course-sys-int-activemq-seminar | action=edit | files=4
2025-08-08 10:28:00 | DEBUG | repo=2017-course-sys-int-activemq-seminar | action=test | passed=true
2025-06-05 10:06:00 | INFO | repo=2017-course-sys-int-activemq-seminar | action=commit
2025-09-17 11:37:00 | WARN | repo=2017-course-sys-int-activemq-seminar | action=edit | files=4
2025-08-04 21:42:00 | INFO | repo=2017-course-sys-int-activemq-seminar | action=edit | files=4
2025-11-14 12:42:00 | DEBUG | repo=2017-course-sys-int-activemq-seminar | action=test | passed=true
2025-05-26 18:28:00 | WARN | repo=2017-course-sys-int-activemq-seminar | action=commit
2025-05-16 10:26:00 | WARN | repo=2017-course-sys-int-activemq-seminar | action=test | passed=true
2025-11-15 08:45:00 | DEBUG | repo=2017-course-sys-int-activemq-seminar | action=pull
2025-02-15 12:48:00 | DEBUG | repo=2017-course-sys-int-activemq-seminar | action=commit
2025-10-15 19:24:00 | DEBUG | repo=2017-course-sys-int-activemq-seminar | action=edit | files=2
2025-01-28 21:20:00 | WARN | repo=2017-course-sys-int-activemq-seminar | action=commit
2025-02-20 16:14:00 | WARN | repo=2017-course-sys-int-activemq-seminar | action=pull
2025-01-23 18:29:00 | INFO | repo=2017-course-sys-int-activemq-seminar | action=edit | files=2
2025-04-15 08:04:00 | DEBUG | repo=2017-course-sys-int-activemq-seminar | action=commit
2025-04-20 15:29:00 | INFO | repo=2017-course-sys-int-activemq-seminar | action=edit | files=1
2025-06-13 16:26:00 | DEBUG | repo=2017-course-sys-int-activemq-seminar | action=test | passed=true
2025-05-02 09:49:00 | WARN | repo=2017-course-sys-int-activemq-seminar | action=commit
